Построение начато 20.10.2015 0:36:23.
     1>Проект "C:\Documents\Visual Studio 2010\Projects\BitField_Laba\BitField_Laba\BitField_Laba.vcxproj" в узле 2 (целевые объекты build).
     1>InitializeBuildStatus:
         Создание "Debug\BitField_Laba.unsuccessfulbuild", так как было задано "AlwaysCreate".
       ClCompile:
         Для всех выходных данных обновления не требуется.
         C:\Program Files (x86)\Microsoft Visual Studio 10.0\VC\bin\CL.exe /c /ZI /nologo /W3 /WX- /Od /Oy- /D WIN32 /D _DEBUG /D _CONSOLE /D _UNICODE /D UNICODE /Gm /EHsc /RTC1 /MDd /GS /fp:precise /Zc:wchar_t /Zc:forScope /Yu"StdAfx.h" /Fp"Debug\BitField_Laba.pch" /Fo"Debug\\" /Fd"Debug\vc100.pdb" /Gd /TP /analyze- /errorReport:prompt BitField_Laba.cpp TBitField.cpp
         TBitField.cpp
         BitField_Laba.cpp
         Создание кода...
     1>c:\documents\visual studio 2010\projects\bitfield_laba\bitfield_laba\tbitfield.cpp(26): warning C4700: использована неинициализированная локальная переменная "Mask"
       ManifestResourceCompile:
         Для всех выходных данных обновления не требуется.
       Link:
         C:\Program Files (x86)\Microsoft Visual Studio 10.0\VC\bin\link.exe /ERRORREPORT:PROMPT /OUT:"C:\Documents\Visual Studio 2010\Projects\BitField_Laba\Debug\BitField_Laba.exe" /INCREMENTAL /NOLOGO kernel32.lib user32.lib gdi32.lib winspool.lib comdlg32.lib advapi32.lib shell32.lib ole32.lib oleaut32.lib uuid.lib odbc32.lib odbccp32.lib /MANIFEST /ManifestFile:"Debug\BitField_Laba.exe.intermediate.manifest" /MANIFESTUAC:"level='asInvoker' uiAccess='false'" /DEBUG /PDB:"C:\Documents\Visual Studio 2010\Projects\BitField_Laba\Debug\BitField_Laba.pdb" /SUBSYSTEM:CONSOLE /TLBID:1 /DYNAMICBASE /NXCOMPAT /IMPLIB:"C:\Documents\Visual Studio 2010\Projects\BitField_Laba\Debug\BitField_Laba.lib" /MACHINE:X86 Debug\BitField_Laba.exe.embed.manifest.res
         Debug\BitField_Laba.obj
         Debug\stdafx.obj
         Debug\TBitField.obj
       Manifest:
         C:\Program Files (x86)\Microsoft SDKs\Windows\v7.0A\bin\mt.exe /nologo /verbose /out:"Debug\BitField_Laba.exe.embed.manifest" /manifest Debug\BitField_Laba.exe.intermediate.manifest
         Для всех выходных данных обновления не требуется.
       LinkEmbedManifest:
         Для всех выходных данных обновления не требуется.
         BitField_Laba.vcxproj -> C:\Documents\Visual Studio 2010\Projects\BitField_Laba\Debug\BitField_Laba.exe
       FinalizeBuildStatus:
         Файл "Debug\BitField_Laba.unsuccessfulbuild" удаляется.
         Обращение к "Debug\BitField_Laba.lastbuildstate".
     1>Построение проекта "C:\Documents\Visual Studio 2010\Projects\BitField_Laba\BitField_Laba\BitField_Laba.vcxproj" завершено (целевые объекты build).

Построение успешно завершено.

Затраченное время: 00:00:03.11
